<?xml version="1.0" encoding="UTF-8"?>
<!-- Generated by org.testng.reporters.JUnitReportReporter -->
<testsuite skipped="0" hostname="LTA1A87YSD" name="com.actitime.testscripts.TestLoginpage" tests="1" failures="0" timestamp="2021-03-12T21:43:43 IST" time="189.568" errors="0">
  <testcase name="TestLogin" time="189.568" classname="com.actitime.testscripts.TestLoginpage"/>
  <system-out/>
</testsuite> <!-- com.actitime.testscripts.TestLoginpage -->
